Start testing: Aug 14 03:34 CEST
----------------------------------------------------------
1/11 Testing: aegis_core_tests
1/11 Test: aegis_core_tests
Command: "/mnt/Festplatte/Schreibtisch/Projekte/aegis_dominion/build-release/aegis_core_tests"
Directory: /mnt/Festplatte/Schreibtisch/Projekte/aegis_dominion/build-release
"aegis_core_tests" start time: Aug 14 03:34 CEST
Output:
----------------------------------------------------------
11 MapDocument test cases passed
<end of output>
Test time =   0.01 sec
----------------------------------------------------------
Test Passed.
"aegis_core_tests" end time: Aug 14 03:34 CEST
"aegis_core_tests" time elapsed: 00:00:00
----------------------------------------------------------

2/11 Testing: aegis_editor_tests
2/11 Test: aegis_editor_tests
Command: "/mnt/Festplatte/Schreibtisch/Projekte/aegis_dominion/build-release/aegis_editor_tests"
Directory: /mnt/Festplatte/Schreibtisch/Projekte/aegis_dominion/build-release
"aegis_editor_tests" start time: Aug 14 03:34 CEST
Output:
----------------------------------------------------------
10 editor test cases passed
<end of output>
Test time =   0.01 sec
----------------------------------------------------------
Test Passed.
"aegis_editor_tests" end time: Aug 14 03:34 CEST
"aegis_editor_tests" time elapsed: 00:00:00
----------------------------------------------------------

3/11 Testing: aegis_playtest_tests
3/11 Test: aegis_playtest_tests
Command: "/mnt/Festplatte/Schreibtisch/Projekte/aegis_dominion/build-release/aegis_playtest_tests"
Directory: /mnt/Festplatte/Schreibtisch/Projekte/aegis_dominion/build-release
"aegis_playtest_tests" start time: Aug 14 03:34 CEST
Output:
----------------------------------------------------------
7 playtest conversion cases passed
<end of output>
Test time =   0.01 sec
----------------------------------------------------------
Test Passed.
"aegis_playtest_tests" end time: Aug 14 03:34 CEST
"aegis_playtest_tests" time elapsed: 00:00:00
----------------------------------------------------------

4/11 Testing: aegis_game_map_tests
4/11 Test: aegis_game_map_tests
Command: "/mnt/Festplatte/Schreibtisch/Projekte/aegis_dominion/build-release/aegis_game_map_tests"
Directory: /mnt/Festplatte/Schreibtisch/Projekte/aegis_dominion/build-release
"aegis_game_map_tests" start time: Aug 14 03:34 CEST
Output:
----------------------------------------------------------
13 GameMap projection/identity/mechanics checks passed
<end of output>
Test time =   0.02 sec
----------------------------------------------------------
Test Passed.
"aegis_game_map_tests" end time: Aug 14 03:34 CEST
"aegis_game_map_tests" time elapsed: 00:00:00
----------------------------------------------------------

5/11 Testing: aegis_text_tests
5/11 Test: aegis_text_tests
Command: "/mnt/Festplatte/Schreibtisch/Projekte/aegis_dominion/build-release/aegis_text_tests"
Directory: /mnt/Festplatte/Schreibtisch/Projekte/aegis_dominion/build-release
"aegis_text_tests" start time: Aug 14 03:34 CEST
Output:
----------------------------------------------------------
Failed to load font "fonts/NotoSans-Regular.ttf" (failed to create the font face)
[ERROR] Failed to load 1 asset 'font.ui.default'; using fallback (/mnt/Festplatte/Schreibtisch/Projekte/aegis_dominion/src/assets/AssetManager.cpp:76, void aegis::assets::AssetManager::reportMissing(std::string_view, aegis::assets::AssetType))
[INFO] Font fallback loaded from /usr/share/fonts/google-noto/NotoSans-Regular.ttf
Failed to load font "fonts/NotoSans-Regular.ttf" (failed to create the font face)
[ERROR] Failed to load 1 asset 'font.ui.default'; using fallback (/mnt/Festplatte/Schreibtisch/Projekte/aegis_dominion/src/assets/AssetManager.cpp:76, void aegis::assets::AssetManager::reportMissing(std::string_view, aegis::assets::AssetType))
[INFO] Font fallback loaded from /usr/share/fonts/google-noto/NotoSans-Regular.ttf
4 text test cases passed
<end of output>
Test time =   0.04 sec
----------------------------------------------------------
Test Passed.
"aegis_text_tests" end time: Aug 14 03:34 CEST
"aegis_text_tests" time elapsed: 00:00:00
----------------------------------------------------------

6/11 Testing: aegis_foundation_tests
6/11 Test: aegis_foundation_tests
Command: "/mnt/Festplatte/Schreibtisch/Projekte/aegis_dominion/build-release/aegis_foundation_tests"
Directory: /mnt/Festplatte/Schreibtisch/Projekte/aegis_dominion/build-release
"aegis_foundation_tests" start time: Aug 14 03:34 CEST
Output:
----------------------------------------------------------
10 foundation test cases passed
<end of output>
Test time =   0.02 sec
----------------------------------------------------------
Test Passed.
"aegis_foundation_tests" end time: Aug 14 03:34 CEST
"aegis_foundation_tests" time elapsed: 00:00:00
----------------------------------------------------------

7/11 Testing: aegis_phase4_tests
7/11 Test: aegis_phase4_tests
Command: "/mnt/Festplatte/Schreibtisch/Projekte/aegis_dominion/build-release/aegis_phase4_tests"
Directory: /mnt/Festplatte/Schreibtisch/Projekte/aegis_dominion/build-release
"aegis_phase4_tests" start time: Aug 14 03:34 CEST
Output:
----------------------------------------------------------
9 Phase-4 rendering checks passed
<end of output>
Test time =   0.03 sec
----------------------------------------------------------
Test Passed.
"aegis_phase4_tests" end time: Aug 14 03:34 CEST
"aegis_phase4_tests" time elapsed: 00:00:00
----------------------------------------------------------

8/11 Testing: aegis_e2_slice_tests
8/11 Test: aegis_e2_slice_tests
Command: "/mnt/Festplatte/Schreibtisch/Projekte/aegis_dominion/build-release/aegis_e2_slice_tests"
Directory: /mnt/Festplatte/Schreibtisch/Projekte/aegis_dominion/build-release
"aegis_e2_slice_tests" start time: Aug 14 03:34 CEST
Output:
----------------------------------------------------------
E2/E2.1 snapshot, data-driven settings, UI-flow and performance checks passed
<end of output>
Test time =   0.01 sec
----------------------------------------------------------
Test Passed.
"aegis_e2_slice_tests" end time: Aug 14 03:34 CEST
"aegis_e2_slice_tests" time elapsed: 00:00:00
----------------------------------------------------------

9/11 Testing: mediaforge_foundation_tests
9/11 Test: mediaforge_foundation_tests
Command: "/mnt/Festplatte/Schreibtisch/Projekte/aegis_dominion/build-release/engine/mediaforge/mediaforge_foundation_tests"
Directory: /mnt/Festplatte/Schreibtisch/Projekte/aegis_dominion/build-release/engine/mediaforge
"mediaforge_foundation_tests" start time: Aug 14 03:34 CEST
Output:
----------------------------------------------------------
MediaForge foundation: 25 checks, 0 failures
<end of output>
Test time =   0.00 sec
----------------------------------------------------------
Test Passed.
"mediaforge_foundation_tests" end time: Aug 14 03:34 CEST
"mediaforge_foundation_tests" time elapsed: 00:00:00
----------------------------------------------------------

10/11 Testing: mediaforge_render_tests
10/11 Test: mediaforge_render_tests
Command: "/mnt/Festplatte/Schreibtisch/Projekte/aegis_dominion/build-release/engine/mediaforge/mediaforge_render_tests"
Directory: /mnt/Festplatte/Schreibtisch/Projekte/aegis_dominion/build-release/engine/mediaforge
"mediaforge_render_tests" start time: Aug 14 03:34 CEST
Output:
----------------------------------------------------------
MediaForge render: 28 checks, 0 failures
<end of output>
Test time =   0.00 sec
----------------------------------------------------------
Test Passed.
"mediaforge_render_tests" end time: Aug 14 03:34 CEST
"mediaforge_render_tests" time elapsed: 00:00:00
----------------------------------------------------------

11/11 Testing: mediaforge_architecture_audit
11/11 Test: mediaforge_architecture_audit
Command: "/usr/bin/cmake" "-DMEDIAFORGE_SOURCE_DIR=/mnt/Festplatte/Schreibtisch/Projekte/aegis_dominion/engine/mediaforge" "-P" "/mnt/Festplatte/Schreibtisch/Projekte/aegis_dominion/engine/mediaforge/cmake/ArchitectureAudit.cmake"
Directory: /mnt/Festplatte/Schreibtisch/Projekte/aegis_dominion/build-release/engine/mediaforge
"mediaforge_architecture_audit" start time: Aug 14 03:34 CEST
Output:
----------------------------------------------------------
-- MediaForge architecture audit passed (/mnt/Festplatte/Schreibtisch/Projekte/aegis_dominion/engine/mediaforge)
<end of output>
Test time =   0.07 sec
----------------------------------------------------------
Test Passed.
"mediaforge_architecture_audit" end time: Aug 14 03:34 CEST
"mediaforge_architecture_audit" time elapsed: 00:00:00
----------------------------------------------------------

End testing: Aug 14 03:34 CEST
