<?xml version="1.0" encoding="UTF-8"?>
<Site BuildName="(empty)"
	BuildStamp="20260811-1851-Experimental"
	Name="(empty)"
	Generator="ctest-4.3.0"
	CompilerName=""
	CompilerVersion=""
	OSName="Linux"
	Hostname="fedora"
	OSRelease="7.1.7-200.fc44.x86_64"
	OSVersion="#1 SMP PREEMPT_DYNAMIC Thu Aug  6 21:13:02 UTC 2026"
	OSPlatform="x86_64"
	Is64Bits="1"
	VendorString="GenuineIntel"
	VendorID="Intel Corporation"
	FamilyID="6"
	ModelID="189"
	ModelName="Intel(R) Core(TM) Ultra 7 256V"
	ProcessorCacheSize="12288"
	NumberOfLogicalCPU="8"
	NumberOfPhysicalCPU="8"
	TotalVirtualMemory="8191"
	TotalPhysicalMemory="15541"
	LogicalProcessorsPerPhysical="1"
	ProcessorClockFrequency="1184.868042"
	>
	<Testing>
		<StartDateTime>Aug 11 20:51 CEST</StartDateTime>
		<StartTestTime>1786474305</StartTestTime>
		<TestList/>
		<EndDateTime>Aug 11 20:51 CEST</EndDateTime>
		<EndTestTime>1786474305</EndTestTime>
		<ElapsedMinutes>0</ElapsedMinutes>
	</Testing>
</Site>
